.next/dev/types/validator.ts(355,31): error TS2344: Type 'typeof import("D:/Datos/Documentos/Proyectos/Proyecto 2/reservation-system/app/[locale]/layout")' does not satisfy the constraint 'LayoutConfig<"/[locale]">'.
  Types of property 'default' are incompatible.
    Type '({ children, params }: { children: ReactNode; params: { locale: string; }; }) => Promise<Element>' is not assignable to type 'ComponentType<LayoutProps<"/[locale]">> | ((props: LayoutProps<"/[locale]">) => void | Promise<void> | ReactNode | Promise<...>)'.
      Type '({ children, params }: { children: ReactNode; params: { locale: string; }; }) => Promise<Element>' is not assignable to type 'FunctionComponent<LayoutProps<"/[locale]">>'.
        Types of parameters '__0' and 'props' are incompatible.
          Type 'LayoutProps<"/[locale]">' is not assignable to type '{ children: ReactNode; params: { locale: string; }; }'.
            Types of property 'params' are incompatible.
              Property 'locale' is missing in type 'Promise<{ locale: string; }>' but required in type '{ locale: string; }'.
.next/types/validator.ts(355,31): error TS2344: Type 'typeof import("D:/Datos/Documentos/Proyectos/Proyecto 2/reservation-system/app/[locale]/layout")' does not satisfy the constraint 'LayoutConfig<"/[locale]">'.
  Types of property 'default' are incompatible.
    Type '({ children, params }: { children: ReactNode; params: { locale: string; }; }) => Promise<Element>' is not assignable to type 'ComponentType<LayoutProps<"/[locale]">> | ((props: LayoutProps<"/[locale]">) => void | Promise<void> | ReactNode | Promise<...>)'.
      Type '({ children, params }: { children: ReactNode; params: { locale: string; }; }) => Promise<Element>' is not assignable to type 'FunctionComponent<LayoutProps<"/[locale]">>'.
        Types of parameters '__0' and 'props' are incompatible.
          Type 'LayoutProps<"/[locale]">' is not assignable to type '{ children: ReactNode; params: { locale: string; }; }'.
            Types of property 'params' are incompatible.
              Property 'locale' is missing in type 'Promise<{ locale: string; }>' but required in type '{ locale: string; }'.
app/api/cron/reminders/route.ts(54,21): error TS2345: Argument of type 'string | null' is not assignable to parameter of type 'string'.
  Type 'null' is not assignable to type 'string'.
app/api/cron/reminders/route.ts(103,21): error TS2345: Argument of type 'string | null' is not assignable to parameter of type 'string'.
  Type 'null' is not assignable to type 'string'.
scripts/check-tz.ts(2,24): error TS2307: Cannot find module './lib/prisma' or its corresponding type declarations.
scripts/test-cancellation.ts(21,21): error TS2353: Object literal may only specify known properties, and 'availability' does not exist in type '(Without<ServiceCreateWithoutUserInput, ServiceUncheckedCreateWithoutUserInput> & ServiceUncheckedCreateWithoutUserInput) | (Without<...> & ServiceCreateWithoutUserInput) | ServiceCreateWithoutUserInput[] | ServiceUncheckedCreateWithoutUserInput[]'.
scripts/test-cancellation.ts(34,26): error TS2339: Property 'services' does not exist on type '{ id: string; address: string | null; createdAt: Date; updatedAt: Date; name: string | null; email: string; emailVerified: Date | null; image: string | null; password: string | null; ... 16 more ...; role: Role; }'.
scripts/test-cancellation.ts(51,56): error TS2345: Argument of type 'string' is not assignable to parameter of type '{ time: string; spots: number; }'.
scripts/test-cancellation.ts(78,64): error TS2345: Argument of type 'string' is not assignable to parameter of type '{ time: string; spots: number; }'.
scripts/test-cancellation.ts(107,62): error TS2345: Argument of type 'string' is not assignable to parameter of type '{ time: string; spots: number; }'.
scripts/trigger-cron.ts(1,16): error TS2393: Duplicate function implementation.
scripts/verify-all.ts(5,16): error TS2393: Duplicate function implementation.
