scripts/check-tz.ts(2,24): error TS2307: Cannot find module './lib/prisma' or its corresponding type declarations.
scripts/test-cancellation.ts(21,21): error TS2353: Object literal may only specify known properties, and 'availability' does not exist in type '(Without<ServiceCreateWithoutUserInput, ServiceUncheckedCreateWithoutUserInput> & ServiceUncheckedCreateWithoutUserInput) | (Without<...> & ServiceCreateWithoutUserInput) | ServiceCreateWithoutUserInput[] | ServiceUncheckedCreateWithoutUserInput[]'.
scripts/test-cancellation.ts(34,26): error TS2339: Property 'services' does not exist on type '{ id: string; address: string | null; createdAt: Date; updatedAt: Date; name: string | null; email: string; emailVerified: Date | null; image: string | null; password: string | null; ... 16 more ...; role: Role; }'.
scripts/test-cancellation.ts(51,56): error TS2345: Argument of type 'string' is not assignable to parameter of type '{ time: string; spots: number; }'.
scripts/test-cancellation.ts(78,64): error TS2345: Argument of type 'string' is not assignable to parameter of type '{ time: string; spots: number; }'.
scripts/test-cancellation.ts(107,62): error TS2345: Argument of type 'string' is not assignable to parameter of type '{ time: string; spots: number; }'.
scripts/trigger-cron.ts(1,16): error TS2393: Duplicate function implementation.
scripts/verify-all.ts(5,16): error TS2393: Duplicate function implementation.
