.next/dev/types/validator.ts(355,31): error TS2344: Type 'typeof import("D:/Datos/Documentos/Proyectos/Proyecto 2/reservation-system/app/[locale]/layout")' does not satisfy the constraint 'LayoutConfig<"/[locale]">'.
  Types of property 'default' are incompatible.
    Type '({ children, params }: { children: ReactNode; params: { locale: string; }; }) => Promise<Element>' is not assignable to type 'ComponentType<LayoutProps<"/[locale]">> | ((props: LayoutProps<"/[locale]">) => void | Promise<void> | ReactNode | Promise<...>)'.
      Type '({ children, params }: { children: ReactNode; params: { locale: string; }; }) => Promise<Element>' is not assignable to type 'FunctionComponent<LayoutProps<"/[locale]">>'.
        Types of parameters '__0' and 'props' are incompatible.
          Type 'LayoutProps<"/[locale]">' is not assignable to type '{ children: ReactNode; params: { locale: string; }; }'.
            Types of property 'params' are incompatible.
              Property 'locale' is missing in type 'Promise<{ locale: string; }>' but required in type '{ locale: string; }'.
.next/types/validator.ts(355,31): error TS2344: Type 'typeof import("D:/Datos/Documentos/Proyectos/Proyecto 2/reservation-system/app/[locale]/layout")' does not satisfy the constraint 'LayoutConfig<"/[locale]">'.
  Types of property 'default' are incompatible.
    Type '({ children, params }: { children: ReactNode; params: { locale: string; }; }) => Promise<Element>' is not assignable to type 'ComponentType<LayoutProps<"/[locale]">> | ((props: LayoutProps<"/[locale]">) => void | Promise<void> | ReactNode | Promise<...>)'.
      Type '({ children, params }: { children: ReactNode; params: { locale: string; }; }) => Promise<Element>' is not assignable to type 'FunctionComponent<LayoutProps<"/[locale]">>'.
        Types of parameters '__0' and 'props' are incompatible.
          Type 'LayoutProps<"/[locale]">' is not assignable to type '{ children: ReactNode; params: { locale: string; }; }'.
            Types of property 'params' are incompatible.
              Property 'locale' is missing in type 'Promise<{ locale: string; }>' but required in type '{ locale: string; }'.
app/[locale]/admin/logs/page.tsx(71,106): error TS2322: Type 'string | number | true | JsonObject | JsonArray' is not assignable to type 'string | undefined'.
  Type 'number' is not assignable to type 'string'.
app/[locale]/admin/logs/page.tsx(72,41): error TS2322: Type 'string | number | true | JsonObject | JsonArray' is not assignable to type 'ReactNode'.
  Type 'JsonObject' is not assignable to type 'ReactNode'.
    Type 'JsonObject' is missing the following properties from type 'ReactPortal': children, type, props, key
app/[locale]/dashboard/services/[id]/page.tsx(35,43): error TS2322: Type '{ id: string; title: string; description: string | null; duration: number; price: number; location: string | null; url: string; color: string; capacity: number; bufferTime: number; minNotice: number; ... 12 more ...; maxConcurrency: number; }' is not assignable to type 'ServiceProps'.
  Types of property 'customInputs' are incompatible.
    Type 'JsonValue' is not assignable to type 'any[] | undefined'.
      Type 'null' is not assignable to type 'any[] | undefined'.
app/[locale]/dashboard/settings/integrations/page.tsx(58,35): error TS2322: Type '() => Promise<{ error: string; success?: undefined; } | { success: string; error?: undefined; }>' is not assignable to type 'string | ((formData: FormData) => void | Promise<void>) | undefined'.
  Type '() => Promise<{ error: string; success?: undefined; } | { success: string; error?: undefined; }>' is not assignable to type '(formData: FormData) => void | Promise<void>'.
    Type 'Promise<{ error: string; success?: undefined; } | { success: string; error?: undefined; }>' is not assignable to type 'void | Promise<void>'.
      Type 'Promise<{ error: string; success?: undefined; } | { success: string; error?: undefined; }>' is not assignable to type 'Promise<void>'.
        Type '{ error: string; success?: undefined; } | { success: string; error?: undefined; }' is not assignable to type 'void'.
          Type '{ error: string; success?: undefined; }' is not assignable to type 'void'.
app/api/cron/reminders/route.ts(62,21): error TS2345: Argument of type 'string | null' is not assignable to parameter of type 'string'.
  Type 'null' is not assignable to type 'string'.
app/api/cron/reminders/route.ts(107,21): error TS2345: Argument of type 'string | null' is not assignable to parameter of type 'string'.
  Type 'null' is not assignable to type 'string'.
app/api/webhooks/stripe/route.ts(111,67): error TS2339: Property 'current_period_end' does not exist on type 'Subscription'.
app/api/webhooks/stripe/route.ts(146,71): error TS2339: Property 'current_period_end' does not exist on type 'Response<Subscription>'.
app/api/webhooks/stripe/route.ts(196,75): error TS2339: Property 'current_period_end' does not exist on type 'Response<Subscription>'.
components/bookings/reschedule-dialog.tsx(66,30): error TS2345: Argument of type '{ time: string; spots: number; }[]' is not assignable to parameter of type 'SetStateAction<string[]>'.
  Type '{ time: string; spots: number; }[]' is not assignable to type 'string[]'.
    Type '{ time: string; spots: number; }' is not assignable to type 'string'.
components/dashboard/bookings-chart.tsx(47,21): error TS2322: Type '(value: number) => [number, string]' is not assignable to type 'Formatter<number, string>'.
  Types of parameters 'value' and 'value' are incompatible.
    Type 'number | undefined' is not assignable to type 'number'.
      Type 'undefined' is not assignable to type 'number'.
components/dashboard/revenue-chart.tsx(48,21): error TS2322: Type '(value: number) => [string, string]' is not assignable to type 'Formatter<number, string>'.
  Types of parameters 'value' and 'value' are incompatible.
    Type 'number | undefined' is not assignable to type 'number'.
      Type 'undefined' is not assignable to type 'number'.
scripts/check-tz.ts(2,24): error TS2307: Cannot find module './lib/prisma' or its corresponding type declarations.
scripts/test-cancellation.ts(21,21): error TS2353: Object literal may only specify known properties, and 'availability' does not exist in type '(Without<ServiceCreateWithoutUserInput, ServiceUncheckedCreateWithoutUserInput> & ServiceUncheckedCreateWithoutUserInput) | (Without<...> & ServiceCreateWithoutUserInput) | ServiceCreateWithoutUserInput[] | ServiceUncheckedCreateWithoutUserInput[]'.
scripts/test-cancellation.ts(34,26): error TS2339: Property 'services' does not exist on type '{ id: string; address: string | null; createdAt: Date; updatedAt: Date; name: string | null; email: string; emailVerified: Date | null; image: string | null; password: string | null; ... 16 more ...; role: Role; }'.
scripts/test-cancellation.ts(51,56): error TS2345: Argument of type 'string' is not assignable to parameter of type '{ time: string; spots: number; }'.
scripts/test-cancellation.ts(78,64): error TS2345: Argument of type 'string' is not assignable to parameter of type '{ time: string; spots: number; }'.
scripts/test-cancellation.ts(107,62): error TS2345: Argument of type 'string' is not assignable to parameter of type '{ time: string; spots: number; }'.
scripts/trigger-cron.ts(1,16): error TS2393: Duplicate function implementation.
scripts/verify-all.ts(5,16): error TS2393: Duplicate function implementation.
